2018-03-05 03:40:54,584 Namespace(batch_size=128, bptt=20, checkpoint_dir='./checkpoint/', checkpoint_interval=1, clip=1.0, data='/home/ubuntu/gbw/training-monolingual.tokenized.shuffled/*', dense=False, dropout=0.01, emsize=512, epochs=10, eps=0.0001, gpus='0,1,2,3', k=8192, kvstore='device', load_epoch=-1, log_interval=10000, lr=0.05, nhid=2048, nlayers=1, num_proj=512, per_ctx_clip=True, profile=False, rescale_embed=True, seed=1, vocab='./data/1b_word_vocab.txt', wd=0.0)
['train.py', '--data=/home/ubuntu/gbw/training-monolingual.tokenized.shuffled/*', '--gpus=0,1,2,3', '--per-ctx-clip', '--clip=1', '--lr=0.05', '--dropout=0.01', '--eps=0.0001', '--epoch=10', '--checkpoint-interval=1', '--log-interval=10000', '--rescale-embed']
Processing file: /home/ubuntu/gbw/training-monolingual.tokenized.shuffled/news.en-00079-of-00100
[03:40:57] src/operator/tensor/./../../common/utils.h:416: _SparseEmbedding_backward with deterministic=True may reduce speed significantly
train.py:104: UserWarning: Optimizer created manually outside Module but rescale_grad is not normalized to 1.0/batch_size/num_workers (0.25 vs. 0.001953125). Is this intended?
  module.init_optimizer(optimizer=optimizer, kvstore=kvstore)
2018-03-05 03:41:06,063 Training started ... 
/home/ubuntu/pr/python/mxnet/ndarray/ndarray.py:1905: RuntimeWarning: You are attempting to copy an array to itself
  warnings.warn('You are attempting to copy an array to itself', RuntimeWarning)
2018-03-05 03:51:15,139 Iter[0] Batch [10000]	Speed: 169862.96 samples/sec
2018-03-05 03:51:15,139 Iter[0] Batch [10000] 	loss 5.9916694, ppl 400.0819395
2018-03-05 04:01:17,193 Iter[0] Batch [20000]	Speed: 170084.41 samples/sec
2018-03-05 04:01:17,193 Iter[0] Batch [20000] 	loss 5.3871975, ppl 218.5899281
Finished processing!
['lstmp0_i2h_weight', 'lstmp0_i2h_bias', 'lstmp0_h2h_weight', 'lstmp0_h2h_bias', 'lstmp0_h2r_weight']
Processing file: /home/ubuntu/gbw/training-monolingual.tokenized.shuffled/news.en-00070-of-00100
Finished processing!
Processing file: /home/ubuntu/gbw/training-monolingual.tokenized.shuffled/news.en-00040-of-00100
Finished processing!
Processing file: /home/ubuntu/gbw/training-monolingual.tokenized.shuffled/news.en-00064-of-00100
Finished processing!
Processing file: /home/ubuntu/gbw/training-monolingual.tokenized.shuffled/news.en-00017-of-00100
Finished processing!
Processing file: /home/ubuntu/gbw/training-monolingual.tokenized.shuffled/news.en-00030-of-00100
Finished processing!
Processing file: /home/ubuntu/gbw/training-monolingual.tokenized.shuffled/news.en-00038-of-00100
Finished processing!
Processing file: /home/ubuntu/gbw/training-monolingual.tokenized.shuffled/news.en-00034-of-00100
Finished processing!
Processing file: /home/ubuntu/gbw/training-monolingual.tokenized.shuffled/news.en-00078-of-00100
Finished processing!
Processing file: /home/ubuntu/gbw/training-monolingual.tokenized.shuffled/news.en-00031-of-00100
Finished processing!
Processing file: /home/ubuntu/gbw/training-monolingual.tokenized.shuffled/news.en-00018-of-00100
Finished processing!
Processing file: /home/ubuntu/gbw/training-monolingual.tokenized.shuffled/news.en-00014-of-00100
Finished processing!
Processing file: /home/ubuntu/gbw/training-monolingual.tokenized.shuffled/news.en-00011-of-00100
Finished processing!
Processing file: /home/ubuntu/gbw/training-monolingual.tokenized.shuffled/news.en-00007-of-00100
Finished processing!
Processing file: /home/ubuntu/gbw/training-monolingual.tokenized.shuffled/news.en-00082-of-00100
Finished processing!
Processing file: /home/ubuntu/gbw/training-monolingual.tokenized.shuffled/news.en-00059-of-00100
Finished processing!
Processing file: /home/ubuntu/gbw/training-monolingual.tokenized.shuffled/news.en-00039-of-00100
Finished processing!
Processing file: /home/ubuntu/gbw/training-monolingual.tokenized.shuffled/news.en-00051-of-00100
Finished processing!
Processing file: /home/ubuntu/gbw/training-monolingual.tokenized.shuffled/news.en-00072-of-00100
Finished processing!
Processing file: /home/ubuntu/gbw/training-monolingual.tokenized.shuffled/news.en-00028-of-00100
Finished processing!
Processing file: /home/ubuntu/gbw/training-monolingual.tokenized.shuffled/news.en-00080-of-00100
Finished processing!
Processing file: /home/ubuntu/gbw/training-monolingual.tokenized.shuffled/news.en-00046-of-00100
Finished processing!
Processing file: /home/ubuntu/gbw/training-monolingual.tokenized.shuffled/news.en-00019-of-00100
Finished processing!
Processing file: /home/ubuntu/gbw/training-monolingual.tokenized.shuffled/news.en-00053-of-00100
Finished processing!
Processing file: /home/ubuntu/gbw/training-monolingual.tokenized.shuffled/news.en-00029-of-00100
Finished processing!
Processing file: /home/ubuntu/gbw/training-monolingual.tokenized.shuffled/news.en-00035-of-00100
Finished processing!
Processing file: /home/ubuntu/gbw/training-monolingual.tokenized.shuffled/news.en-00022-of-00100
Finished processing!
Processing file: /home/ubuntu/gbw/training-monolingual.tokenized.shuffled/news.en-00042-of-00100
Finished processing!
Processing file: /home/ubuntu/gbw/training-monolingual.tokenized.shuffled/news.en-00060-of-00100
Finished processing!
Processing file: /home/ubuntu/gbw/training-monolingual.tokenized.shuffled/news.en-00097-of-00100
Finished processing!
Processing file: /home/ubuntu/gbw/training-monolingual.tokenized.shuffled/news.en-00076-of-00100
Finished processing!
Processing file: /home/ubuntu/gbw/training-monolingual.tokenized.shuffled/news.en-00050-of-00100
Finished processing!
Processing file: /home/ubuntu/gbw/training-monolingual.tokenized.shuffled/news.en-00073-of-00100
Finished processing!
Processing file: /home/ubuntu/gbw/training-monolingual.tokenized.shuffled/news.en-00088-of-00100
Finished processing!
Processing file: /home/ubuntu/gbw/training-monolingual.tokenized.shuffled/news.2018-03-05 04:11:15,891 Iter[0] Batch [30000]	Speed: 171037.72 samples/sec
2018-03-05 04:11:15,892 Iter[0] Batch [30000] 	loss 5.2358431, ppl 187.8874522
2018-03-05 04:21:11,920 Iter[0] Batch [40000]	Speed: 171803.86 samples/sec
2018-03-05 04:21:11,920 Iter[0] Batch [40000] 	loss 5.1475766, ppl 172.0141193
2018-03-05 04:31:12,385 Iter[0] Batch [50000]	Speed: 170534.70 samples/sec
2018-03-05 04:31:12,385 Iter[0] Batch [50000] 	loss 5.0880556, ppl 162.0744220
en-00015-of-00100
Finished processing!
Processing file: /home/ubuntu/gbw/training-monolingual.tokenized.shuffled/news.en-00008-of-00100
Finished processing!
Processing file: /home/ubuntu/gbw/training-monolingual.tokenized.shuffled/news.en-00004-of-00100
Finished processing!
Processing file: /home/ubuntu/gbw/training-monolingual.tokenized.shuffled/news.en-00020-of-00100
Finished processing!
Processing file: /home/ubuntu/gbw/training-monolingual.tokenized.shuffled/news.en-00041-of-00100
Finished processing!
Processing file: /home/ubuntu/gbw/training-monolingual.tokenized.shuffled/news.en-00025-of-00100
Finished processing!
Processing file: /home/ubuntu/gbw/training-monolingual.tokenized.shuffled/news.en-00023-of-00100
Finished processing!
Processing file: /home/ubuntu/gbw/training-monolingual.tokenized.shuffled/news.en-00081-of-00100
Finished processing!
Processing file: /home/ubuntu/gbw/training-monolingual.tokenized.shuffled/news.en-00055-of-00100
Finished processing!
Processing file: /home/ubuntu/gbw/training-monolingual.tokenized.shuffled/news.en-00021-of-00100
Finished processing!
Processing file: /home/ubuntu/gbw/training-monolingual.tokenized.shuffled/news.en-00010-of-00100
Finished processing!
Processing file: /home/ubuntu/gbw/training-monolingual.tokenized.shuffled/news.en-00045-of-00100
Finished processing!
Processing file: /home/ubuntu/gbw/training-monolingual.tokenized.shuffled/news.en-00071-of-00100
Finished processing!
Processing file: /home/ubuntu/gbw/training-monolingual.tokenized.shuffled/news.en-00049-of-00100
Finished processing!
Processing file: /home/ubuntu/gbw/training-monolingual.tokenized.shuffled/news.en-00086-of-00100
Finished processing!
Processing file: /home/ubuntu/gbw/training-monolingual.tokenized.shuffled/news.en-00066-of-00100
Finished processing!
Processing file: /home/ubuntu/gbw/training-monolingual.tokenized.shuffled/news.en-00002-of-00100
Finished processing!
Processing file: /home/ubuntu/gbw/training-monolingual.tokenized.shuffled/news.en-00094-of-00100
Finished processing!
Processing file: /home/ubuntu/gbw/training-monolingual.tokenized.shuffled/news.en-00047-of-00100
Finished processing!
Processing file: /home/ubuntu/gbw/training-monolingual.tokenized.shuffled/news.en-00009-of-00100
Finished processing!
Processing file: /home/ubuntu/gbw/training-monolingual.tokenized.shuffled/news.en-00087-of-00100
Finished processing!
Processing file: /home/ubuntu/gbw/training-monolingual.tokenized.shuffled/news.en-00012-of-00100
Finished processing!
Processing file: /home/ubuntu/gbw/training-monolingual.tokenized.shuffled/news.en-00075-of-00100
Finished processing!
Processing file: /home/ubuntu/gbw/training-monolingual.tokenized.shuffled/news.en-00074-of-00100
Finished processing!
Processing file: /home/ubuntu/gbw/training-monolingual.tokenized.shuffled/news.en-00067-of-00100
Finished processing!
Processing file: /home/ubuntu/gbw/training-monolingual.tokenized.shuffled/news.en-00026-of-00100
Finished processing!
Processing file: /home/ubuntu/gbw/training-monolingual.tokenized.shuffled/news.en-00084-of-00100
Finished processing!
Processing file: /home/ubuntu/gbw/training-monolingual.tokenized.shuffled/news.en-00003-of-00100
Finished processing!
Processing file: /home/ubuntu/gbw/training-monolingual.tokenized.shuffled/news.en-00085-of-00100
Finished processing!
Processing file: /home/ubuntu/gbw/training-monolingual.tokenized.shuffled/news.en-00062-of-00100
Finished processing!
Processing file: /home/ubuntu/gbw/training-monolingual.tokenized.shuffled/news.en-00061-of-00100
Finished processing!
Processing file: /home/ubuntu/gbw/training-monolingual.tokenized.shuffled/news.en-00013-of-00100
Finished processing!
Processing file: /home/ubuntu/gbw/training-monolingual.tokenized.shuffled/news.en-00057-of-00100
Finished processing!
Processing file: /home/ubuntu/gbw/training-monolingual.tokenized.shuffled/news.en-00090-of-00100
Finished processing!
Processing file: /home/ubuntu/gbw/training-monolingual.tokenized.shuffled/news.en-00098-of-00100
Finished processing!
Processing file: /home/ubuntu/gbw/training-mo2018-03-05 04:41:11,910 Iter[0] Batch [60000]	Speed: 170801.78 samples/sec
2018-03-05 04:41:11,910 Iter[0] Batch [60000] 	loss 5.0451594, ppl 155.2690432
2018-03-05 04:51:07,306 Iter[0] Batch [70000]	Speed: 171986.53 samples/sec
2018-03-05 04:51:07,306 Iter[0] Batch [70000] 	loss 5.0104516, ppl 149.9724428
2018-03-05 04:59:27,892 Saved checkpoint to "./checkpoint/-0000.params"
2018-03-05 05:02:07,373 eval batch 19 : 4.1828265
2018-03-05 05:04:53,271 eval batch 39 : 4.1747481
2018-03-05 05:07:38,219 eval batch 59 : 4.1911273
2018-03-05 05:08:33,507 Iter[0]		 CE loss 3.9544632, ppl 52.1676824. Time cost = 544.32 seconds
nolingual.tokenized.shuffled/news.en-00077-of-00100
Finished processing!
Processing file: /home/ubuntu/gbw/training-monolingual.tokenized.shuffled/news.en-00024-of-00100
Finished processing!
Processing file: /home/ubuntu/gbw/training-monolingual.tokenized.shuffled/news.en-00027-of-00100
Finished processing!
Processing file: /home/ubuntu/gbw/training-monolingual.tokenized.shuffled/news.en-00016-of-00100
Finished processing!
Processing file: /home/ubuntu/gbw/training-monolingual.tokenized.shuffled/news.en-00063-of-00100
Finished processing!
Processing file: /home/ubuntu/gbw/training-monolingual.tokenized.shuffled/news.en-00044-of-00100
Finished processing!
Processing file: /home/ubuntu/gbw/training-monolingual.tokenized.shuffled/news.en-00099-of-00100
Finished processing!
Processing file: /home/ubuntu/gbw/training-monolingual.tokenized.shuffled/news.en-00005-of-00100
Finished processing!
Processing file: /home/ubuntu/gbw/training-monolingual.tokenized.shuffled/news.en-00058-of-00100
Finished processing!
Processing file: /home/ubuntu/gbw/training-monolingual.tokenized.shuffled/news.en-00033-of-00100
Finished processing!
Processing file: /home/ubuntu/gbw/training-monolingual.tokenized.shuffled/news.en-00095-of-00100
Finished processing!
Processing file: /home/ubuntu/gbw/training-monolingual.tokenized.shuffled/news.en-00032-of-00100
Finished processing!
Processing file: /home/ubuntu/gbw/training-monolingual.tokenized.shuffled/news.en-00092-of-00100
Finished processing!
Processing file: /home/ubuntu/gbw/training-monolingual.tokenized.shuffled/news.en-00006-of-00100
Finished processing!
Processing file: /home/ubuntu/gbw/training-monolingual.tokenized.shuffled/news.en-00069-of-00100
Finished processing!
Processing file: /home/ubuntu/gbw/training-monolingual.tokenized.shuffled/news.en-00068-of-00100
Finished processing!
Processing file: /home/ubuntu/gbw/training-monolingual.tokenized.shuffled/news.en-00048-of-00100
Finished processing!
Processing file: /home/ubuntu/gbw/training-monolingual.tokenized.shuffled/news.en-00093-of-00100
Finished processing!
Processing file: /home/ubuntu/gbw/training-monolingual.tokenized.shuffled/news.en-00036-of-00100
Finished processing!
Processing file: /home/ubuntu/gbw/training-monolingual.tokenized.shuffled/news.en-00089-of-00100
Finished processing!
Processing file: /home/ubuntu/gbw/training-monolingual.tokenized.shuffled/news.en-00065-of-00100
Finished processing!
Processing file: /home/ubuntu/gbw/training-monolingual.tokenized.shuffled/news.en-00037-of-00100
Finished processing!
Processing file: /home/ubuntu/gbw/training-monolingual.tokenized.shuffled/news.en-00096-of-00100
Finished processing!
Processing file: /home/ubuntu/gbw/training-monolingual.tokenized.shuffled/news.en-00043-of-00100
Finished processing!
Processing file: /home/ubuntu/gbw/training-monolingual.tokenized.shuffled/news.en-00091-of-00100
Finished processing!
Processing file: /home/ubuntu/gbw/training-monolingual.tokenized.shuffled/news.en-00054-of-00100
Finished processing!
Processing file: /home/ubuntu/gbw/training-monolingual.tokenized.shuffled/news.en-00001-of-00100
Finished processing!
Processing file: /home/ubuntu/gbw/training-monolingual.tokenized.shuffled/news.en-00056-of-00100
Finished processing!
Processing file: /home/ubuntu/gbw/training-monolingual.tokenized.shuffled/news.en-00083-of-00100
Finished processing!
Processing file: /home/ubuntu/gbw/training-monolingual.tokenized.shuffled/news.en-00052-of-00100
Finished processing!
encoder_weight
(793470,)
((793470L,), (793470L, 512L), 'row_sparse')
decoder_weight
(793470,)
((793470L,), (793470L, 512L), 'row_sparse')
[]
Processing file: /home/ubuntu/gbw-validation/heldout-monolingual.tokenized.shuffled/news.en.heldout-00000-of-00050
Finished processing!
reset
reset
Processing file: /home/ubuntu/gbw-validation/heldout-monolingual.tokenized.shuffled/news.en.heldout-00000-of-00050
Processing file: /home/ubuntu/gbw/training-monolingual.tokenized.shuffled/news.en-00054-of-00100
Finished processing!
Finished processing!
Processing file: /home/ubuntu/gbw/training-monolingual.tok2018-03-05 05:18:34,011 Iter[1] Batch [10000]	Speed: 171137.87 samples/sec
2018-03-05 05:18:34,011 Iter[1] Batch [10000] 	loss 4.9047803, ppl 134.9332636
2018-03-05 05:28:34,172 Iter[1] Batch [20000]	Speed: 170620.87 samples/sec
2018-03-05 05:28:34,173 Iter[1] Batch [20000] 	loss 4.9106709, ppl 135.7304505
enized.shuffled/news.en-00047-of-00100
Finished processing!
Processing file: /home/ubuntu/gbw/training-monolingual.tokenized.shuffled/news.en-00098-of-00100
Finished processing!
Processing file: /home/ubuntu/gbw/training-monolingual.tokenized.shuffled/news.en-00048-of-00100
Finished processing!
Processing file: /home/ubuntu/gbw/training-monolingual.tokenized.shuffled/news.en-00091-of-00100
Finished processing!
Processing file: /home/ubuntu/gbw/training-monolingual.tokenized.shuffled/news.en-00026-of-00100
Finished processing!
Processing file: /home/ubuntu/gbw/training-monolingual.tokenized.shuffled/news.en-00049-of-00100
Finished processing!
Processing file: /home/ubuntu/gbw/training-monolingual.tokenized.shuffled/news.en-00024-of-00100
Finished processing!
Processing file: /home/ubuntu/gbw/training-monolingual.tokenized.shuffled/news.en-00041-of-00100
Finished processing!
Processing file: /home/ubuntu/gbw/training-monolingual.tokenized.shuffled/news.en-00021-of-00100
Finished processing!
Processing file: /home/ubuntu/gbw/training-monolingual.tokenized.shuffled/news.en-00069-of-00100
Finished processing!
Processing file: /home/ubuntu/gbw/training-monolingual.tokenized.shuffled/news.en-00007-of-00100
Finished processing!
Processing file: /home/ubuntu/gbw/training-monolingual.tokenized.shuffled/news.en-00057-of-00100
Finished processing!
Processing file: /home/ubuntu/gbw/training-monolingual.tokenized.shuffled/news.en-00044-of-00100
Finished processing!
Processing file: /home/ubuntu/gbw/training-monolingual.tokenized.shuffled/news.en-00097-of-00100
Finished processing!
Processing file: /home/ubuntu/gbw/training-monolingual.tokenized.shuffled/news.en-00096-of-00100
Finished processing!
Processing file: /home/ubuntu/gbw/training-monolingual.tokenized.shuffled/news.en-00009-of-00100
Finished processing!
Processing file: /home/ubuntu/gbw/training-monolingual.tokenized.shuffled/news.en-00051-of-00100
Finished processing!
Processing file: /home/ubuntu/gbw/training-monolingual.tokenized.shuffled/news.en-00072-of-00100
Finished processing!
Processing file: /home/ubuntu/gbw/training-monolingual.tokenized.shuffled/news.en-00050-of-00100
Finished processing!
Processing file: /home/ubuntu/gbw/training-monolingual.tokenized.shuffled/news.en-00079-of-00100
Finished processing!
Processing file: /home/ubuntu/gbw/training-monolingual.tokenized.shuffled/news.en-00008-of-00100
Finished processing!
Processing file: /home/ubuntu/gbw/training-monolingual.tokenized.shuffled/news.en-00082-of-00100
Finished processing!
Processing file: /home/ubuntu/gbw/training-monolingual.tokenized.shuffled/news.en-00070-of-00100
Finished processing!
Processing file: /home/ubuntu/gbw/training-monolingual.tokenized.shuffled/news.en-00087-of-00100
Finished processing!
Processing file: /home/ubuntu/gbw/training-monolingual.tokenized.shuffled/news.en-00088-of-00100
Finished processing!
Processing file: /home/ubuntu/gbw/training-monolingual.tokenized.shuffled/news.en-00025-of-00100
Finished processing!
Processing file: /home/ubuntu/gbw/training-monolingual.tokenized.shuffled/news.en-00019-of-00100
Finished processing!
Processing file: /home/ubuntu/gbw/training-monolingual.tokenized.shuffled/news.en-00074-of-00100
Finished processing!
Processing file: /home/ubuntu/gbw/training-monolingual.tokenized.shuffled/news.en-00065-of-00100
Finished processing!
Processing file: /home/ubuntu/gbw/training-monolingual.tokenized.shuffled/news.en-00062-of-00100
Finished processing!
Processing file: /home/ubuntu/gbw/training-monolingual.tokenized.shuffled/news.en-00090-of-00100
Finished processing!
Processing file: /home/ubuntu/gbw/training-monolingual.tokenized.shuffled/news.en-00014-of-00100
Finished processing!
Processing file: /home/ubuntu/gbw/training-monolingual.tokenized.shuffled/news.en-00089-of-00100
Finished processing!
Processing file: /home/ubuntu/gbw/training-monolingual.tokenized.shuffled/news.en-00080-of-00100
Finished processing!
Processing file: /home/ubuntu/gbw/training-monolingual.tokenized.shuffled/news.en-00036-of-00100
Finished processing!
Processing file: /home/u2018-03-05 05:38:29,919 Iter[1] Batch [30000]	Speed: 171885.08 samples/sec
2018-03-05 05:38:29,920 Iter[1] Batch [30000] 	loss 4.8889800, ppl 132.8180305
2018-03-05 05:48:27,547 Iter[1] Batch [40000]	Speed: 171344.28 samples/sec
2018-03-05 05:48:27,547 Iter[1] Batch [40000] 	loss 4.8795044, ppl 131.5654406
2018-03-05 05:58:24,265 Iter[1] Batch [50000]	Speed: 171605.39 samples/sec
2018-03-05 05:58:24,265 Iter[1] Batch [50000] 	loss 4.8727928, ppl 130.6853875
buntu/gbw/training-monolingual.tokenized.shuffled/news.en-00003-of-00100
Finished processing!
Processing file: /home/ubuntu/gbw/training-monolingual.tokenized.shuffled/news.en-00053-of-00100
Finished processing!
Processing file: /home/ubuntu/gbw/training-monolingual.tokenized.shuffled/news.en-00071-of-00100
Finished processing!
Processing file: /home/ubuntu/gbw/training-monolingual.tokenized.shuffled/news.en-00045-of-00100
Finished processing!
Processing file: /home/ubuntu/gbw/training-monolingual.tokenized.shuffled/news.en-00068-of-00100
Finished processing!
Processing file: /home/ubuntu/gbw/training-monolingual.tokenized.shuffled/news.en-00055-of-00100
Finished processing!
Processing file: /home/ubuntu/gbw/training-monolingual.tokenized.shuffled/news.en-00015-of-00100
Finished processing!
Processing file: /home/ubuntu/gbw/training-monolingual.tokenized.shuffled/news.en-00039-of-00100
Finished processing!
Processing file: /home/ubuntu/gbw/training-monolingual.tokenized.shuffled/news.en-00081-of-00100
Finished processing!
Processing file: /home/ubuntu/gbw/training-monolingual.tokenized.shuffled/news.en-00030-of-00100
Finished processing!
Processing file: /home/ubuntu/gbw/training-monolingual.tokenized.shuffled/news.en-00056-of-00100
Finished processing!
Processing file: /home/ubuntu/gbw/training-monolingual.tokenized.shuffled/news.en-00023-of-00100
Finished processing!
Processing file: /home/ubuntu/gbw/training-monolingual.tokenized.shuffled/news.en-00093-of-00100
Finished processing!
Processing file: /home/ubuntu/gbw/training-monolingual.tokenized.shuffled/news.en-00066-of-00100
Finished processing!
Processing file: /home/ubuntu/gbw/training-monolingual.tokenized.shuffled/news.en-00077-of-00100
Finished processing!
Processing file: /home/ubuntu/gbw/training-monolingual.tokenized.shuffled/news.en-00035-of-00100
Finished processing!
Processing file: /home/ubuntu/gbw/training-monolingual.tokenized.shuffled/news.en-00043-of-00100
Finished processing!
Processing file: /home/ubuntu/gbw/training-monolingual.tokenized.shuffled/news.en-00078-of-00100
Finished processing!
Processing file: /home/ubuntu/gbw/training-monolingual.tokenized.shuffled/news.en-00011-of-00100
Finished processing!
Processing file: /home/ubuntu/gbw/training-monolingual.tokenized.shuffled/news.en-00010-of-00100
Finished processing!
Processing file: /home/ubuntu/gbw/training-monolingual.tokenized.shuffled/news.en-00040-of-00100
Finished processing!
Processing file: /home/ubuntu/gbw/training-monolingual.tokenized.shuffled/news.en-00075-of-00100
Finished processing!
Processing file: /home/ubuntu/gbw/training-monolingual.tokenized.shuffled/news.en-00037-of-00100
Finished processing!
Processing file: /home/ubuntu/gbw/training-monolingual.tokenized.shuffled/news.en-00002-of-00100
Finished processing!
Processing file: /home/ubuntu/gbw/training-monolingual.tokenized.shuffled/news.en-00046-of-00100
Finished processing!
Processing file: /home/ubuntu/gbw/training-monolingual.tokenized.shuffled/news.en-00016-of-00100
Finished processing!
Processing file: /home/ubuntu/gbw/training-monolingual.tokenized.shuffled/news.en-00076-of-00100
Finished processing!
Processing file: /home/ubuntu/gbw/training-monolingual.tokenized.shuffled/news.en-00092-of-00100
Finished processing!
Processing file: /home/ubuntu/gbw/training-monolingual.tokenized.shuffled/news.en-00012-of-00100
Finished processing!
Processing file: /home/ubuntu/gbw/training-monolingual.tokenized.shuffled/news.en-00073-of-00100
Finished processing!
Processing file: /home/ubuntu/gbw/training-monolingual.tokenized.shuffled/news.en-00083-of-00100
Finished processing!
Processing file: /home/ubuntu/gbw/training-monolingual.tokenized.shuffled/news.en-00099-of-00100
Finished processing!
Processing file: /home/ubuntu/gbw/training-monolingual.tokenized.shuffled/news.en-00063-of-00100
Finished processing!
Processing file: /home/ubuntu/gbw/training-monolingual.tokenized.shuffled/news.en-00013-of-00100
Finished processing!
Processing file: /home/ubuntu/gbw/training-monolingual.tokenized.shuffled/news.en-00067-of-00100
Finished pr2018-03-05 06:08:21,253 Iter[1] Batch [60000]	Speed: 171527.84 samples/sec
2018-03-05 06:08:21,253 Iter[1] Batch [60000] 	loss 4.8561369, ppl 128.5267270
2018-03-05 06:18:17,664 Iter[1] Batch [70000]	Speed: 171693.51 samples/sec
2018-03-05 06:18:17,665 Iter[1] Batch [70000] 	loss 4.8519697, ppl 127.9922465
2018-03-05 06:26:36,364 Saved checkpoint to "./checkpoint/-0000.params"
2018-03-05 06:29:14,609 eval batch 19 : 4.0305418
2018-03-05 06:31:58,909 eval batch 39 : 4.0263680
2018-03-05 06:34:43,962 eval batch 59 : 4.0428774
2018-03-05 06:35:39,120 Iter[1]		 CE loss 3.8151389, ppl 45.3830615. Time cost = 541.44 seconds
ocessing!
Processing file: /home/ubuntu/gbw/training-monolingual.tokenized.shuffled/news.en-00001-of-00100
Finished processing!
Processing file: /home/ubuntu/gbw/training-monolingual.tokenized.shuffled/news.en-00028-of-00100
Finished processing!
Processing file: /home/ubuntu/gbw/training-monolingual.tokenized.shuffled/news.en-00033-of-00100
Finished processing!
Processing file: /home/ubuntu/gbw/training-monolingual.tokenized.shuffled/news.en-00006-of-00100
Finished processing!
Processing file: /home/ubuntu/gbw/training-monolingual.tokenized.shuffled/news.en-00086-of-00100
Finished processing!
Processing file: /home/ubuntu/gbw/training-monolingual.tokenized.shuffled/news.en-00060-of-00100
Finished processing!
Processing file: /home/ubuntu/gbw/training-monolingual.tokenized.shuffled/news.en-00018-of-00100
Finished processing!
Processing file: /home/ubuntu/gbw/training-monolingual.tokenized.shuffled/news.en-00058-of-00100
Finished processing!
Processing file: /home/ubuntu/gbw/training-monolingual.tokenized.shuffled/news.en-00095-of-00100
Finished processing!
Processing file: /home/ubuntu/gbw/training-monolingual.tokenized.shuffled/news.en-00094-of-00100
Finished processing!
Processing file: /home/ubuntu/gbw/training-monolingual.tokenized.shuffled/news.en-00085-of-00100
Finished processing!
Processing file: /home/ubuntu/gbw/training-monolingual.tokenized.shuffled/news.en-00034-of-00100
Finished processing!
Processing file: /home/ubuntu/gbw/training-monolingual.tokenized.shuffled/news.en-00005-of-00100
Finished processing!
Processing file: /home/ubuntu/gbw/training-monolingual.tokenized.shuffled/news.en-00059-of-00100
Finished processing!
Processing file: /home/ubuntu/gbw/training-monolingual.tokenized.shuffled/news.en-00032-of-00100
Finished processing!
Processing file: /home/ubuntu/gbw/training-monolingual.tokenized.shuffled/news.en-00042-of-00100
Finished processing!
Processing file: /home/ubuntu/gbw/training-monolingual.tokenized.shuffled/news.en-00084-of-00100
Finished processing!
Processing file: /home/ubuntu/gbw/training-monolingual.tokenized.shuffled/news.en-00020-of-00100
Finished processing!
Processing file: /home/ubuntu/gbw/training-monolingual.tokenized.shuffled/news.en-00029-of-00100
Finished processing!
Processing file: /home/ubuntu/gbw/training-monolingual.tokenized.shuffled/news.en-00052-of-00100
Finished processing!
Processing file: /home/ubuntu/gbw/training-monolingual.tokenized.shuffled/news.en-00064-of-00100
Finished processing!
Processing file: /home/ubuntu/gbw/training-monolingual.tokenized.shuffled/news.en-00038-of-00100
Finished processing!
Processing file: /home/ubuntu/gbw/training-monolingual.tokenized.shuffled/news.en-00017-of-00100
Finished processing!
Processing file: /home/ubuntu/gbw/training-monolingual.tokenized.shuffled/news.en-00004-of-00100
Finished processing!
Processing file: /home/ubuntu/gbw/training-monolingual.tokenized.shuffled/news.en-00031-of-00100
Finished processing!
Processing file: /home/ubuntu/gbw/training-monolingual.tokenized.shuffled/news.en-00061-of-00100
Finished processing!
Processing file: /home/ubuntu/gbw/training-monolingual.tokenized.shuffled/news.en-00027-of-00100
Finished processing!
Processing file: /home/ubuntu/gbw/training-monolingual.tokenized.shuffled/news.en-00022-of-00100
Finished processing!
encoder_weight
(793470,)
((793470L,), (793470L, 512L), 'row_sparse')
decoder_weight
(793470,)
((793470L,), (793470L, 512L), 'row_sparse')
[]
Processing file: /home/ubuntu/gbw-validation/heldout-monolingual.tokenized.shuffled/news.en.heldout-00000-of-00050
Finished processing!
reset
reset
Processing file: /home/ubuntu/gbw-validation/heldout-monolingual.tokenized.shuffled/news.en.heldout-00000-of-00050
Processing file: /home/ubuntu/gbw/training-monolingual.tokenized.shuffled/news.en-00057-of-00100
Finished processing!
Finished processing!
Processing file: /home/ubuntu/gbw/training-monolingual.tokenized.shuffled/news.en-00099-of-00100
Finished processing!
Processing file: /home/ubuntu/gbw/training-monolingual.tokenized.shuffled/news.en-00068-of-00100
Finished processing!
Pro2018-03-05 06:45:33,719 Iter[2] Batch [10000]	Speed: 172843.91 samples/sec
2018-03-05 06:45:33,719 Iter[2] Batch [10000] 	loss 4.7871794, ppl 119.9625217
2018-03-05 06:55:31,165 Iter[2] Batch [20000]	Speed: 171396.26 samples/sec
2018-03-05 06:55:31,165 Iter[2] Batch [20000] 	loss 4.7847063, ppl 119.6662060
cessing file: /home/ubuntu/gbw/training-monolingual.tokenized.shuffled/news.en-00021-of-00100
Finished processing!
Processing file: /home/ubuntu/gbw/training-monolingual.tokenized.shuffled/news.en-00055-of-00100
Finished processing!
Processing file: /home/ubuntu/gbw/training-monolingual.tokenized.shuffled/news.en-00060-of-00100
Finished processing!
Processing file: /home/ubuntu/gbw/training-monolingual.tokenized.shuffled/news.en-00013-of-00100
Finished processing!
Processing file: /home/ubuntu/gbw/training-monolingual.tokenized.shuffled/news.en-00053-of-00100
Finished processing!
Processing file: /home/ubuntu/gbw/training-monolingual.tokenized.shuffled/news.en-00069-of-00100
Finished processing!
Processing file: /home/ubuntu/gbw/training-monolingual.tokenized.shuffled/news.en-00012-of-00100
Finished processing!
Processing file: /home/ubuntu/gbw/training-monolingual.tokenized.shuffled/news.en-00090-of-00100
Finished processing!
Processing file: /home/ubuntu/gbw/training-monolingual.tokenized.shuffled/news.en-00078-of-00100
Finished processing!
Processing file: /home/ubuntu/gbw/training-monolingual.tokenized.shuffled/news.en-00017-of-00100
Finished processing!
Processing file: /home/ubuntu/gbw/training-monolingual.tokenized.shuffled/news.en-00096-of-00100
Finished processing!
Processing file: /home/ubuntu/gbw/training-monolingual.tokenized.shuffled/news.en-00007-of-00100
Finished processing!
Processing file: /home/ubuntu/gbw/training-monolingual.tokenized.shuffled/news.en-00016-of-00100
Finished processing!
Processing file: /home/ubuntu/gbw/training-monolingual.tokenized.shuffled/news.en-00010-of-00100
Finished processing!
Processing file: /home/ubuntu/gbw/training-monolingual.tokenized.shuffled/news.en-00047-of-00100
Finished processing!
Processing file: /home/ubuntu/gbw/training-monolingual.tokenized.shuffled/news.en-00008-of-00100
Finished processing!
Processing file: /home/ubuntu/gbw/training-monolingual.tokenized.shuffled/news.en-00027-of-00100
Finished processing!
Processing file: /home/ubuntu/gbw/training-monolingual.tokenized.shuffled/news.en-00009-of-00100
Finished processing!
Processing file: /home/ubuntu/gbw/training-monolingual.tokenized.shuffled/news.en-00044-of-00100
Finished processing!
Processing file: /home/ubuntu/gbw/training-monolingual.tokenized.shuffled/news.en-00056-of-00100
Finished processing!
Processing file: /home/ubuntu/gbw/training-monolingual.tokenized.shuffled/news.en-00024-of-00100
Finished processing!
Processing file: /home/ubuntu/gbw/training-monolingual.tokenized.shuffled/news.en-00005-of-00100
Finished processing!
Processing file: /home/ubuntu/gbw/training-monolingual.tokenized.shuffled/news.en-00091-of-00100
Finished processing!
Processing file: /home/ubuntu/gbw/training-monolingual.tokenized.shuffled/news.en-00092-of-00100
Finished processing!
Processing file: /home/ubuntu/gbw/training-monolingual.tokenized.shuffled/news.en-00019-of-00100
Finished processing!
Processing file: /home/ubuntu/gbw/training-monolingual.tokenized.shuffled/news.en-00089-of-00100
Finished processing!
Processing file: /home/ubuntu/gbw/training-monolingual.tokenized.shuffled/news.en-00014-of-00100
Finished processing!
Processing file: /home/ubuntu/gbw/training-monolingual.tokenized.shuffled/news.en-00098-of-00100
Finished processing!
Processing file: /home/ubuntu/gbw/training-monolingual.tokenized.shuffled/news.en-00020-of-00100
Finished processing!
Processing file: /home/ubuntu/gbw/training-monolingual.tokenized.shuffled/news.en-00087-of-00100
Finished processing!
Processing file: /home/ubuntu/gbw/training-monolingual.tokenized.shuffled/news.en-00033-of-00100
Finished processing!
Processing file: /home/ubuntu/gbw/training-monolingual.tokenized.shuffled/news.en-00039-of-00100
Finished processing!
Processing file: /home/ubuntu/gbw/training-monolingual.tokenized.shuffled/news.en-00022-of-00100
Finished processing!
Processing file: /home/ubuntu/gbw/training-monolingual.tokenized.shuffled/news.en-00037-of-00100
Finished processing!
Processing file: /home/ubuntu/gbw/training-monolingual.tokenized.shuffled/news.en-000542018-03-05 07:05:30,326 Iter[2] Batch [30000]	Speed: 170905.74 samples/sec
2018-03-05 07:05:30,326 Iter[2] Batch [30000] 	loss 4.7839172, ppl 119.5718191
2018-03-05 07:15:21,895 Iter[2] Batch [40000]	Speed: 173099.07 samples/sec
2018-03-05 07:15:21,895 Iter[2] Batch [40000] 	loss 4.7820313, ppl 119.3465266
2018-03-05 07:25:18,863 Iter[2] Batch [50000]	Speed: 171533.63 samples/sec
2018-03-05 07:25:18,863 Iter[2] Batch [50000] 	loss 4.7789803, ppl 118.9829627
-of-00100
Finished processing!
Processing file: /home/ubuntu/gbw/training-monolingual.tokenized.shuffled/news.en-00035-of-00100
Finished processing!
Processing file: /home/ubuntu/gbw/training-monolingual.tokenized.shuffled/news.en-00045-of-00100
Finished processing!
Processing file: /home/ubuntu/gbw/training-monolingual.tokenized.shuffled/news.en-00083-of-00100
Finished processing!
Processing file: /home/ubuntu/gbw/training-monolingual.tokenized.shuffled/news.en-00093-of-00100
Finished processing!
Processing file: /home/ubuntu/gbw/training-monolingual.tokenized.shuffled/news.en-00026-of-00100
Finished processing!
Processing file: /home/ubuntu/gbw/training-monolingual.tokenized.shuffled/news.en-00023-of-00100
Finished processing!
Processing file: /home/ubuntu/gbw/training-monolingual.tokenized.shuffled/news.en-00079-of-00100
Finished processing!
Processing file: /home/ubuntu/gbw/training-monolingual.tokenized.shuffled/news.en-00085-of-00100
Finished processing!
Processing file: /home/ubuntu/gbw/training-monolingual.tokenized.shuffled/news.en-00046-of-00100
Finished processing!
Processing file: /home/ubuntu/gbw/training-monolingual.tokenized.shuffled/news.en-00061-of-00100
Finished processing!
Processing file: /home/ubuntu/gbw/training-monolingual.tokenized.shuffled/news.en-00036-of-00100
Finished processing!
Processing file: /home/ubuntu/gbw/training-monolingual.tokenized.shuffled/news.en-00015-of-00100
Finished processing!
Processing file: /home/ubuntu/gbw/training-monolingual.tokenized.shuffled/news.en-00050-of-00100
Finished processing!
Processing file: /home/ubuntu/gbw/training-monolingual.tokenized.shuffled/news.en-00051-of-00100
Finished processing!
Processing file: /home/ubuntu/gbw/training-monolingual.tokenized.shuffled/news.en-00048-of-00100
Finished processing!
Processing file: /home/ubuntu/gbw/training-monolingual.tokenized.shuffled/news.en-00042-of-00100
Finished processing!
Processing file: /home/ubuntu/gbw/training-monolingual.tokenized.shuffled/news.en-00001-of-00100
Finished processing!
Processing file: /home/ubuntu/gbw/training-monolingual.tokenized.shuffled/news.en-00081-of-00100
Finished processing!
Processing file: /home/ubuntu/gbw/training-monolingual.tokenized.shuffled/news.en-00064-of-00100
Finished processing!
Processing file: /home/ubuntu/gbw/training-monolingual.tokenized.shuffled/news.en-00073-of-00100
Finished processing!
Processing file: /home/ubuntu/gbw/training-monolingual.tokenized.shuffled/news.en-00025-of-00100
Finished processing!
Processing file: /home/ubuntu/gbw/training-monolingual.tokenized.shuffled/news.en-00075-of-00100
Finished processing!
Processing file: /home/ubuntu/gbw/training-monolingual.tokenized.shuffled/news.en-00074-of-00100
Finished processing!
Processing file: /home/ubuntu/gbw/training-monolingual.tokenized.shuffled/news.en-00003-of-00100
Finished processing!
Processing file: /home/ubuntu/gbw/training-monolingual.tokenized.shuffled/news.en-00028-of-00100
Finished processing!
Processing file: /home/ubuntu/gbw/training-monolingual.tokenized.shuffled/news.en-00031-of-00100
Finished processing!
Processing file: /home/ubuntu/gbw/training-monolingual.tokenized.shuffled/news.en-00065-of-00100
Finished processing!
Processing file: /home/ubuntu/gbw/training-monolingual.tokenized.shuffled/news.en-00077-of-00100
Finished processing!
Processing file: /home/ubuntu/gbw/training-monolingual.tokenized.shuffled/news.en-00080-of-00100
Finished processing!
Processing file: /home/ubuntu/gbw/training-monolingual.tokenized.shuffled/news.en-00082-of-00100
Finished processing!
Processing file: /home/ubuntu/gbw/training-monolingual.tokenized.shuffled/news.en-00004-of-00100
Finished processing!
Processing file: /home/ubuntu/gbw/training-monolingual.tokenized.shuffled/news.en-00097-of-00100
Finished processing!
Processing file: /home/ubuntu/gbw/training-monolingual.tokenized.shuffled/news.en-00043-of-00100
Finished processing!
Processing file: /home/ubuntu/gbw/training-monolingual.tokenized.shuffled/news.en-00059-of-00100
Finished processing!
Processing file: /home/ubuntu/gbw/training-monolingua2018-03-05 07:35:13,470 Iter[2] Batch [60000]	Speed: 172214.47 samples/sec
2018-03-05 07:35:13,470 Iter[2] Batch [60000] 	loss 4.7768419, ppl 118.7287970
2018-03-05 07:45:06,248 Iter[2] Batch [70000]	Speed: 172745.98 samples/sec
2018-03-05 07:45:06,249 Iter[2] Batch [70000] 	loss 4.7794028, ppl 119.0332436
2018-03-05 07:53:22,757 Saved checkpoint to "./checkpoint/-0000.params"
2018-03-05 07:56:00,547 eval batch 19 : 3.9938066
2018-03-05 07:58:44,812 eval batch 39 : 3.9899735
2018-03-05 08:01:29,183 eval batch 59 : 4.0075836
2018-03-05 08:02:24,290 Iter[2]		 CE loss 3.7815616, ppl 43.8845184. Time cost = 540.19 seconds
l.tokenized.shuffled/news.en-00088-of-00100
Finished processing!
Processing file: /home/ubuntu/gbw/training-monolingual.tokenized.shuffled/news.en-00058-of-00100
Finished processing!
Processing file: /home/ubuntu/gbw/training-monolingual.tokenized.shuffled/news.en-00002-of-00100
Finished processing!
Processing file: /home/ubuntu/gbw/training-monolingual.tokenized.shuffled/news.en-00049-of-00100
Finished processing!
Processing file: /home/ubuntu/gbw/training-monolingual.tokenized.shuffled/news.en-00034-of-00100
Finished processing!
Processing file: /home/ubuntu/gbw/training-monolingual.tokenized.shuffled/news.en-00018-of-00100
Finished processing!
Processing file: /home/ubuntu/gbw/training-monolingual.tokenized.shuffled/news.en-00072-of-00100
Finished processing!
Processing file: /home/ubuntu/gbw/training-monolingual.tokenized.shuffled/news.en-00038-of-00100
Finished processing!
Processing file: /home/ubuntu/gbw/training-monolingual.tokenized.shuffled/news.en-00030-of-00100
Finished processing!
Processing file: /home/ubuntu/gbw/training-monolingual.tokenized.shuffled/news.en-00071-of-00100
Finished processing!
Processing file: /home/ubuntu/gbw/training-monolingual.tokenized.shuffled/news.en-00040-of-00100
Finished processing!
Processing file: /home/ubuntu/gbw/training-monolingual.tokenized.shuffled/news.en-00070-of-00100
Finished processing!
Processing file: /home/ubuntu/gbw/training-monolingual.tokenized.shuffled/news.en-00094-of-00100
Finished processing!
Processing file: /home/ubuntu/gbw/training-monolingual.tokenized.shuffled/news.en-00029-of-00100
Finished processing!
Processing file: /home/ubuntu/gbw/training-monolingual.tokenized.shuffled/news.en-00086-of-00100
Finished processing!
Processing file: /home/ubuntu/gbw/training-monolingual.tokenized.shuffled/news.en-00041-of-00100
Finished processing!
Processing file: /home/ubuntu/gbw/training-monolingual.tokenized.shuffled/news.en-00011-of-00100
Finished processing!
Processing file: /home/ubuntu/gbw/training-monolingual.tokenized.shuffled/news.en-00095-of-00100
Finished processing!
Processing file: /home/ubuntu/gbw/training-monolingual.tokenized.shuffled/news.en-00076-of-00100
Finished processing!
Processing file: /home/ubuntu/gbw/training-monolingual.tokenized.shuffled/news.en-00084-of-00100
Finished processing!
Processing file: /home/ubuntu/gbw/training-monolingual.tokenized.shuffled/news.en-00062-of-00100
Finished processing!
Processing file: /home/ubuntu/gbw/training-monolingual.tokenized.shuffled/news.en-00067-of-00100
Finished processing!
Processing file: /home/ubuntu/gbw/training-monolingual.tokenized.shuffled/news.en-00052-of-00100
Finished processing!
Processing file: /home/ubuntu/gbw/training-monolingual.tokenized.shuffled/news.en-00006-of-00100
Finished processing!
Processing file: /home/ubuntu/gbw/training-monolingual.tokenized.shuffled/news.en-00063-of-00100
Finished processing!
Processing file: /home/ubuntu/gbw/training-monolingual.tokenized.shuffled/news.en-00066-of-00100
Finished processing!
Processing file: /home/ubuntu/gbw/training-monolingual.tokenized.shuffled/news.en-00032-of-00100
Finished processing!
encoder_weight
(793470,)
((793470L,), (793470L, 512L), 'row_sparse')
decoder_weight
(793470,)
((793470L,), (793470L, 512L), 'row_sparse')
[]
Processing file: /home/ubuntu/gbw-validation/heldout-monolingual.tokenized.shuffled/news.en.heldout-00000-of-00050
Finished processing!
reset
reset
Processing file: /home/ubuntu/gbw-validation/heldout-monolingual.tokenized.shuffled/news.en.heldout-00000-of-00050
Processing file: /home/ubuntu/gbw/training-monolingual.tokenized.shuffled/news.en-00055-of-00100
Finished processing!
Finished processing!
Processing file: /home/ubuntu/gbw/training-monolingual.tokenized.shuffled/news.en-00069-of-00100
Finished processing!
Processing file: /home/ubuntu/gbw/training-monolingual.tokenized.shuffled/news.en-00082-of-00100
Finished processing!
Processing file: /home/ubuntu/gbw/training-monolingual.tokenized.shuffled/news.en-00063-of-00100
Finished processing!
Processing file: /home/ubuntu/gbw/training-monolingual.tokenized.s2018-03-05 08:12:19,792 Iter[3] Batch [10000]	Speed: 172583.59 samples/sec
2018-03-05 08:12:19,793 Iter[3] Batch [10000] 	loss 4.7145847, ppl 111.5624683
2018-03-05 08:22:16,963 Iter[3] Batch [20000]	Speed: 171475.45 samples/sec
2018-03-05 08:22:16,963 Iter[3] Batch [20000] 	loss 4.7217006, ppl 112.3591711
2018-03-05 08:32:11,774 Iter[3] Batch [30000]	Speed: 172155.45 samples/sec
2018-03-05 08:32:11,774 Iter[3] Batch [30000] 	loss 4.7248994, ppl 112.7191554
huffled/news.en-00093-of-00100
Finished processing!
Processing file: /home/ubuntu/gbw/training-monolingual.tokenized.shuffled/news.en-00052-of-00100
Finished processing!
Processing file: /home/ubuntu/gbw/training-monolingual.tokenized.shuffled/news.en-00003-of-00100
Finished processing!
Processing file: /home/ubuntu/gbw/training-monolingual.tokenized.shuffled/news.en-00091-of-00100
Finished processing!
Processing file: /home/ubuntu/gbw/training-monolingual.tokenized.shuffled/news.en-00057-of-00100
Finished processing!
Processing file: /home/ubuntu/gbw/training-monolingual.tokenized.shuffled/news.en-00038-of-00100
Finished processing!
Processing file: /home/ubuntu/gbw/training-monolingual.tokenized.shuffled/news.en-00025-of-00100
Finished processing!
Processing file: /home/ubuntu/gbw/training-monolingual.tokenized.shuffled/news.en-00076-of-00100
Finished processing!
Processing file: /home/ubuntu/gbw/training-monolingual.tokenized.shuffled/news.en-00072-of-00100
Finished processing!
Processing file: /home/ubuntu/gbw/training-monolingual.tokenized.shuffled/news.en-00026-of-00100
Finished processing!
Processing file: /home/ubuntu/gbw/training-monolingual.tokenized.shuffled/news.en-00042-of-00100
Finished processing!
Processing file: /home/ubuntu/gbw/training-monolingual.tokenized.shuffled/news.en-00033-of-00100
Finished processing!
Processing file: /home/ubuntu/gbw/training-monolingual.tokenized.shuffled/news.en-00099-of-00100
Finished processing!
Processing file: /home/ubuntu/gbw/training-monolingual.tokenized.shuffled/news.en-00081-of-00100
Finished processing!
Processing file: /home/ubuntu/gbw/training-monolingual.tokenized.shuffled/news.en-00073-of-00100
Finished processing!
Processing file: /home/ubuntu/gbw/training-monolingual.tokenized.shuffled/news.en-00067-of-00100
Finished processing!
Processing file: /home/ubuntu/gbw/training-monolingual.tokenized.shuffled/news.en-00027-of-00100
Finished processing!
Processing file: /home/ubuntu/gbw/training-monolingual.tokenized.shuffled/news.en-00004-of-00100
Finished processing!
Processing file: /home/ubuntu/gbw/training-monolingual.tokenized.shuffled/news.en-00019-of-00100
Finished processing!
Processing file: /home/ubuntu/gbw/training-monolingual.tokenized.shuffled/news.en-00087-of-00100
Finished processing!
Processing file: /home/ubuntu/gbw/training-monolingual.tokenized.shuffled/news.en-00092-of-00100
Finished processing!
Processing file: /home/ubuntu/gbw/training-monolingual.tokenized.shuffled/news.en-00061-of-00100
Finished processing!
Processing file: /home/ubuntu/gbw/training-monolingual.tokenized.shuffled/news.en-00047-of-00100
Finished processing!
Processing file: /home/ubuntu/gbw/training-monolingual.tokenized.shuffled/news.en-00048-of-00100
Finished processing!
Processing file: /home/ubuntu/gbw/training-monolingual.tokenized.shuffled/news.en-00011-of-00100
Finished processing!
Processing file: /home/ubuntu/gbw/training-monolingual.tokenized.shuffled/news.en-00023-of-00100
Finished processing!
Processing file: /home/ubuntu/gbw/training-monolingual.tokenized.shuffled/news.en-00040-of-00100
Finished processing!
Processing file: /home/ubuntu/gbw/training-monolingual.tokenized.shuffled/news.en-00064-of-00100
Finished processing!
Processing file: /home/ubuntu/gbw/training-monolingual.tokenized.shuffled/news.en-00083-of-00100
Finished processing!
Processing file: /home/ubuntu/gbw/training-monolingual.tokenized.shuffled/news.en-00005-of-00100
Finished processing!
Processing file: /home/ubuntu/gbw/training-monolingual.tokenized.shuffled/news.en-00028-of-00100
Finished processing!
Processing file: /home/ubuntu/gbw/training-monolingual.tokenized.shuffled/news.en-00059-of-00100
Finished processing!
Processing file: /home/ubuntu/gbw/training-monolingual.tokenized.shuffled/news.en-00039-of-00100
Finished processing!
Processing file: /home/ubuntu/gbw/training-monolingual.tokenized.shuffled/news.en-00075-of-00100
Finished processing!
Processing file: /home/ubuntu/gbw/training-monolingual.tokenized.shuffled/news.en-00021-of-00100
Finished processing!
Processing file: /home/ubuntu/gb2018-03-05 08:42:07,995 Iter[3] Batch [40000]	Speed: 171748.36 samples/sec
2018-03-05 08:42:07,996 Iter[3] Batch [40000] 	loss 4.7230478, ppl 112.5106420
2018-03-05 08:52:04,913 Iter[3] Batch [50000]	Speed: 171548.06 samples/sec
2018-03-05 08:52:04,913 Iter[3] Batch [50000] 	loss 4.7222709, ppl 112.4232692
w/training-monolingual.tokenized.shuffled/news.en-00051-of-00100
Finished processing!
Processing file: /home/ubuntu/gbw/training-monolingual.tokenized.shuffled/news.en-00031-of-00100
Finished processing!
Processing file: /home/ubuntu/gbw/training-monolingual.tokenized.shuffled/news.en-00088-of-00100
Finished processing!
Processing file: /home/ubuntu/gbw/training-monolingual.tokenized.shuffled/news.en-00089-of-00100
Finished processing!
Processing file: /home/ubuntu/gbw/training-monolingual.tokenized.shuffled/news.en-00013-of-00100
Finished processing!
Processing file: /home/ubuntu/gbw/training-monolingual.tokenized.shuffled/news.en-00066-of-00100
Finished processing!
Processing file: /home/ubuntu/gbw/training-monolingual.tokenized.shuffled/news.en-00090-of-00100
Finished processing!
Processing file: /home/ubuntu/gbw/training-monolingual.tokenized.shuffled/news.en-00036-of-00100
Finished processing!
Processing file: /home/ubuntu/gbw/training-monolingual.tokenized.shuffled/news.en-00050-of-00100
Finished processing!
Processing file: /home/ubuntu/gbw/training-monolingual.tokenized.shuffled/news.en-00029-of-00100
Finished processing!
Processing file: /home/ubuntu/gbw/training-monolingual.tokenized.shuffled/news.en-00080-of-00100
Finished processing!
Processing file: /home/ubuntu/gbw/training-monolingual.tokenized.shuffled/news.en-00018-of-00100
Finished processing!
Processing file: /home/ubuntu/gbw/training-monolingual.tokenized.shuffled/news.en-00024-of-00100
Finished processing!
Processing file: /home/ubuntu/gbw/training-monolingual.tokenized.shuffled/news.en-00065-of-00100
Finished processing!
Processing file: /home/ubuntu/gbw/training-monolingual.tokenized.shuffled/news.en-00068-of-00100
Finished processing!
Processing file: /home/ubuntu/gbw/training-monolingual.tokenized.shuffled/news.en-00015-of-00100
Finished processing!
Processing file: /home/ubuntu/gbw/training-monolingual.tokenized.shuffled/news.en-00010-of-00100
Finished processing!
Processing file: /home/ubuntu/gbw/training-monolingual.tokenized.shuffled/news.en-00001-of-00100
Finished processing!
Processing file: /home/ubuntu/gbw/training-monolingual.tokenized.shuffled/news.en-00016-of-00100
Finished processing!
Processing file: /home/ubuntu/gbw/training-monolingual.tokenized.shuffled/news.en-00037-of-00100
Finished processing!
Processing file: /home/ubuntu/gbw/training-monolingual.tokenized.shuffled/news.en-00097-of-00100
Finished processing!
Processing file: /home/ubuntu/gbw/training-monolingual.tokenized.shuffled/news.en-00030-of-00100
Finished processing!
Processing file: /home/ubuntu/gbw/training-monolingual.tokenized.shuffled/news.en-00084-of-00100
Finished processing!
Processing file: /home/ubuntu/gbw/training-monolingual.tokenized.shuffled/news.en-00096-of-00100
Finished processing!
Processing file: /home/ubuntu/gbw/training-monolingual.tokenized.shuffled/news.en-00049-of-00100
Finished processing!
Processing file: /home/ubuntu/gbw/training-monolingual.tokenized.shuffled/news.en-00044-of-00100
Finished processing!
Processing file: /home/ubuntu/gbw/training-monolingual.tokenized.shuffled/news.en-00012-of-00100
Finished processing!
Processing file: /home/ubuntu/gbw/training-monolingual.tokenized.shuffled/news.en-00060-of-00100
Finished processing!
Processing file: /home/ubuntu/gbw/training-monolingual.tokenized.shuffled/news.en-00009-of-00100
Finished processing!
Processing file: /home/ubuntu/gbw/training-monolingual.tokenized.shuffled/news.en-00008-of-00100
Finished processing!
Processing file: /home/ubuntu/gbw/training-monolingual.tokenized.shuffled/news.en-00032-of-00100
Finished processing!
Processing file: /home/ubuntu/gbw/training-monolingual.tokenized.shuffled/news.en-00054-of-00100
Finished processing!
Processing file: /home/ubuntu/gbw/training-monolingual.tokenized.shuffled/news.en-00007-of-00100
Finished processing!
Processing file: /home/ubuntu/gbw/training-monolingual.tokenized.shuffled/news.en-00070-of-00100
Finished processing!
Processing file: /home/ubuntu/gbw/training-monolingual.tokenized.shuffled/news.en-00043-of-00100
Finished processing2018-03-05 09:01:59,516 Iter[3] Batch [60000]	Speed: 172215.74 samples/sec
2018-03-05 09:01:59,516 Iter[3] Batch [60000] 	loss 4.7230925, ppl 112.5156699
2018-03-05 09:11:52,309 Iter[3] Batch [70000]	Speed: 172741.62 samples/sec
2018-03-05 09:11:52,309 Iter[3] Batch [70000] 	loss 4.7253772, ppl 112.7730269
2018-03-05 09:20:09,651 Saved checkpoint to "./checkpoint/-0000.params"
2018-03-05 09:22:49,556 eval batch 19 : 3.9663890
2018-03-05 09:25:35,227 eval batch 39 : 3.9616673
2018-03-05 09:28:20,457 eval batch 59 : 3.9803460
2018-03-05 09:29:15,934 Iter[3]		 CE loss 3.7554178, ppl 42.7520762. Time cost = 544.94 seconds
!
Processing file: /home/ubuntu/gbw/training-monolingual.tokenized.shuffled/news.en-00074-of-00100
Finished processing!
Processing file: /home/ubuntu/gbw/training-monolingual.tokenized.shuffled/news.en-00002-of-00100
Finished processing!
Processing file: /home/ubuntu/gbw/training-monolingual.tokenized.shuffled/news.en-00085-of-00100
Finished processing!
Processing file: /home/ubuntu/gbw/training-monolingual.tokenized.shuffled/news.en-00041-of-00100
Finished processing!
Processing file: /home/ubuntu/gbw/training-monolingual.tokenized.shuffled/news.en-00014-of-00100
Finished processing!
Processing file: /home/ubuntu/gbw/training-monolingual.tokenized.shuffled/news.en-00078-of-00100
Finished processing!
Processing file: /home/ubuntu/gbw/training-monolingual.tokenized.shuffled/news.en-00017-of-00100
Finished processing!
Processing file: /home/ubuntu/gbw/training-monolingual.tokenized.shuffled/news.en-00058-of-00100
Finished processing!
Processing file: /home/ubuntu/gbw/training-monolingual.tokenized.shuffled/news.en-00035-of-00100
Finished processing!
Processing file: /home/ubuntu/gbw/training-monolingual.tokenized.shuffled/news.en-00053-of-00100
Finished processing!
Processing file: /home/ubuntu/gbw/training-monolingual.tokenized.shuffled/news.en-00079-of-00100
Finished processing!
Processing file: /home/ubuntu/gbw/training-monolingual.tokenized.shuffled/news.en-00020-of-00100
Finished processing!
Processing file: /home/ubuntu/gbw/training-monolingual.tokenized.shuffled/news.en-00045-of-00100
Finished processing!
Processing file: /home/ubuntu/gbw/training-monolingual.tokenized.shuffled/news.en-00071-of-00100
Finished processing!
Processing file: /home/ubuntu/gbw/training-monolingual.tokenized.shuffled/news.en-00034-of-00100
Finished processing!
Processing file: /home/ubuntu/gbw/training-monolingual.tokenized.shuffled/news.en-00022-of-00100
Finished processing!
Processing file: /home/ubuntu/gbw/training-monolingual.tokenized.shuffled/news.en-00077-of-00100
Finished processing!
Processing file: /home/ubuntu/gbw/training-monolingual.tokenized.shuffled/news.en-00006-of-00100
Finished processing!
Processing file: /home/ubuntu/gbw/training-monolingual.tokenized.shuffled/news.en-00095-of-00100
Finished processing!
Processing file: /home/ubuntu/gbw/training-monolingual.tokenized.shuffled/news.en-00062-of-00100
Finished processing!
Processing file: /home/ubuntu/gbw/training-monolingual.tokenized.shuffled/news.en-00094-of-00100
Finished processing!
Processing file: /home/ubuntu/gbw/training-monolingual.tokenized.shuffled/news.en-00046-of-00100
Finished processing!
Processing file: /home/ubuntu/gbw/training-monolingual.tokenized.shuffled/news.en-00056-of-00100
Finished processing!
Processing file: /home/ubuntu/gbw/training-monolingual.tokenized.shuffled/news.en-00098-of-00100
Finished processing!
Processing file: /home/ubuntu/gbw/training-monolingual.tokenized.shuffled/news.en-00086-of-00100
Finished processing!
encoder_weight
(793470,)
((793470L,), (793470L, 512L), 'row_sparse')
decoder_weight
(793470,)
((793470L,), (793470L, 512L), 'row_sparse')
[]
Processing file: /home/ubuntu/gbw-validation/heldout-monolingual.tokenized.shuffled/news.en.heldout-00000-of-00050
Finished processing!
reset
reset
Processing file: /home/ubuntu/gbw-validation/heldout-monolingual.tokenized.shuffled/news.en.heldout-00000-of-00050
Processing file: /home/ubuntu/gbw/training-monolingual.tokenized.shuffled/news.en-00059-of-00100
Finished processing!
Finished processing!
Processing file: /home/ubuntu/gbw/training-monolingual.tokenized.shuffled/news.en-00056-of-00100
Finished processing!
Processing file: /home/ubuntu/gbw/training-monolingual.tokenized.shuffled/news.en-00034-of-00100
Finished processing!
Processing file: /home/ubuntu/gbw/training-monolingual.tokenized.shuffled/news.en-00010-of-00100
Finished processing!
Processing file: /home/ubuntu/gbw/training-monolingual.tokenized.shuffled/news.en-00081-of-00100
Finished processing!
Processing file: /home/ubuntu/gbw/training-monolingual.tokenized.shuffled/news.en-00054-of-00100
Finished processing!
Processing 2018-03-05 09:39:12,170 Iter[4] Batch [10000]	Speed: 172369.85 samples/sec
2018-03-05 09:39:12,170 Iter[4] Batch [10000] 	loss 4.6717797, ppl 106.8878001
2018-03-05 09:49:04,826 Iter[4] Batch [20000]	Speed: 172781.36 samples/sec
2018-03-05 09:49:04,826 Iter[4] Batch [20000] 	loss 4.6785247, ppl 107.6111953
2018-03-05 09:59:01,685 Iter[4] Batch [30000]	Speed: 171565.00 samples/sec
2018-03-05 09:59:01,685 Iter[4] Batch [30000] 	loss 4.6823822, ppl 108.0271071
file: /home/ubuntu/gbw/training-monolingual.tokenized.shuffled/news.en-00080-of-00100
Finished processing!
Processing file: /home/ubuntu/gbw/training-monolingual.tokenized.shuffled/news.en-00007-of-00100
Finished processing!
Processing file: /home/ubuntu/gbw/training-monolingual.tokenized.shuffled/news.en-00002-of-00100
Finished processing!
Processing file: /home/ubuntu/gbw/training-monolingual.tokenized.shuffled/news.en-00067-of-00100
Finished processing!
Processing file: /home/ubuntu/gbw/training-monolingual.tokenized.shuffled/news.en-00055-of-00100
Finished processing!
Processing file: /home/ubuntu/gbw/training-monolingual.tokenized.shuffled/news.en-00060-of-00100
Finished processing!
Processing file: /home/ubuntu/gbw/training-monolingual.tokenized.shuffled/news.en-00065-of-00100
Finished processing!
Processing file: /home/ubuntu/gbw/training-monolingual.tokenized.shuffled/news.en-00020-of-00100
Finished processing!
Processing file: /home/ubuntu/gbw/training-monolingual.tokenized.shuffled/news.en-00074-of-00100
Finished processing!
Processing file: /home/ubuntu/gbw/training-monolingual.tokenized.shuffled/news.en-00025-of-00100
Finished processing!
Processing file: /home/ubuntu/gbw/training-monolingual.tokenized.shuffled/news.en-00031-of-00100
Finished processing!
Processing file: /home/ubuntu/gbw/training-monolingual.tokenized.shuffled/news.en-00004-of-00100
Finished processing!
Processing file: /home/ubuntu/gbw/training-monolingual.tokenized.shuffled/news.en-00017-of-00100
Finished processing!
Processing file: /home/ubuntu/gbw/training-monolingual.tokenized.shuffled/news.en-00076-of-00100
Finished processing!
Processing file: /home/ubuntu/gbw/training-monolingual.tokenized.shuffled/news.en-00078-of-00100
Finished processing!
Processing file: /home/ubuntu/gbw/training-monolingual.tokenized.shuffled/news.en-00092-of-00100
Finished processing!
Processing file: /home/ubuntu/gbw/training-monolingual.tokenized.shuffled/news.en-00097-of-00100
Finished processing!
Processing file: /home/ubuntu/gbw/training-monolingual.tokenized.shuffled/news.en-00079-of-00100
Finished processing!
Processing file: /home/ubuntu/gbw/training-monolingual.tokenized.shuffled/news.en-00029-of-00100
Finished processing!
Processing file: /home/ubuntu/gbw/training-monolingual.tokenized.shuffled/news.en-00069-of-00100
Finished processing!
Processing file: /home/ubuntu/gbw/training-monolingual.tokenized.shuffled/news.en-00035-of-00100
Finished processing!
Processing file: /home/ubuntu/gbw/training-monolingual.tokenized.shuffled/news.en-00039-of-00100
Finished processing!
Processing file: /home/ubuntu/gbw/training-monolingual.tokenized.shuffled/news.en-00057-of-00100
Finished processing!
Processing file: /home/ubuntu/gbw/training-monolingual.tokenized.shuffled/news.en-00018-of-00100
Finished processing!
Processing file: /home/ubuntu/gbw/training-monolingual.tokenized.shuffled/news.en-00011-of-00100
Finished processing!
Processing file: /home/ubuntu/gbw/training-monolingual.tokenized.shuffled/news.en-00048-of-00100
Finished processing!
Processing file: /home/ubuntu/gbw/training-monolingual.tokenized.shuffled/news.en-00049-of-00100
Finished processing!
Processing file: /home/ubuntu/gbw/training-monolingual.tokenized.shuffled/news.en-00040-of-00100
Finished processing!
Processing file: /home/ubuntu/gbw/training-monolingual.tokenized.shuffled/news.en-00033-of-00100
Finished processing!
Processing file: /home/ubuntu/gbw/training-monolingual.tokenized.shuffled/news.en-00052-of-00100
Finished processing!
Processing file: /home/ubuntu/gbw/training-monolingual.tokenized.shuffled/news.en-00009-of-00100
Finished processing!
Processing file: /home/ubuntu/gbw/training-monolingual.tokenized.shuffled/news.en-00077-of-00100
Finished processing!
Processing file: /home/ubuntu/gbw/training-monolingual.tokenized.shuffled/news.en-00001-of-00100
Finished processing!
Processing file: /home/ubuntu/gbw/training-monolingual.tokenized.shuffled/news.en-00090-of-00100
Finished processing!
Processing file: /home/ubuntu/gbw/training-monolingual.tokenized.shuffled/news.en-00037-of-00102018-03-05 10:08:54,544 Iter[4] Batch [40000]	Speed: 172722.45 samples/sec
2018-03-05 10:08:54,544 Iter[4] Batch [40000] 	loss 4.6781569, ppl 107.5716218
2018-03-05 10:18:49,338 Iter[4] Batch [50000]	Speed: 172160.30 samples/sec
2018-03-05 10:18:49,338 Iter[4] Batch [50000] 	loss 4.6826916, ppl 108.0605332
0
Finished processing!
Processing file: /home/ubuntu/gbw/training-monolingual.tokenized.shuffled/news.en-00087-of-00100
Finished processing!
Processing file: /home/ubuntu/gbw/training-monolingual.tokenized.shuffled/news.en-00068-of-00100
Finished processing!
Processing file: /home/ubuntu/gbw/training-monolingual.tokenized.shuffled/news.en-00023-of-00100
Finished processing!
Processing file: /home/ubuntu/gbw/training-monolingual.tokenized.shuffled/news.en-00088-of-00100
Finished processing!
Processing file: /home/ubuntu/gbw/training-monolingual.tokenized.shuffled/news.en-00062-of-00100
Finished processing!
Processing file: /home/ubuntu/gbw/training-monolingual.tokenized.shuffled/news.en-00066-of-00100
Finished processing!
Processing file: /home/ubuntu/gbw/training-monolingual.tokenized.shuffled/news.en-00043-of-00100
Finished processing!
Processing file: /home/ubuntu/gbw/training-monolingual.tokenized.shuffled/news.en-00095-of-00100
Finished processing!
Processing file: /home/ubuntu/gbw/training-monolingual.tokenized.shuffled/news.en-00053-of-00100
Finished processing!
Processing file: /home/ubuntu/gbw/training-monolingual.tokenized.shuffled/news.en-00026-of-00100
Finished processing!
Processing file: /home/ubuntu/gbw/training-monolingual.tokenized.shuffled/news.en-00071-of-00100
Finished processing!
Processing file: /home/ubuntu/gbw/training-monolingual.tokenized.shuffled/news.en-00070-of-00100
Finished processing!
Processing file: /home/ubuntu/gbw/training-monolingual.tokenized.shuffled/news.en-00014-of-00100
Finished processing!
Processing file: /home/ubuntu/gbw/training-monolingual.tokenized.shuffled/news.en-00038-of-00100
Finished processing!
Processing file: /home/ubuntu/gbw/training-monolingual.tokenized.shuffled/news.en-00050-of-00100
Finished processing!
Processing file: /home/ubuntu/gbw/training-monolingual.tokenized.shuffled/news.en-00046-of-00100
Finished processing!
Processing file: /home/ubuntu/gbw/training-monolingual.tokenized.shuffled/news.en-00085-of-00100
Finished processing!
Processing file: /home/ubuntu/gbw/training-monolingual.tokenized.shuffled/news.en-00063-of-00100
Finished processing!
Processing file: /home/ubuntu/gbw/training-monolingual.tokenized.shuffled/news.en-00047-of-00100
Finished processing!
Processing file: /home/ubuntu/gbw/training-monolingual.tokenized.shuffled/news.en-00061-of-00100
Finished processing!
Processing file: /home/ubuntu/gbw/training-monolingual.tokenized.shuffled/news.en-00016-of-00100
Finished processing!
Processing file: /home/ubuntu/gbw/training-monolingual.tokenized.shuffled/news.en-00041-of-00100
Finished processing!
Processing file: /home/ubuntu/gbw/training-monolingual.tokenized.shuffled/news.en-00083-of-00100
Finished processing!
Processing file: /home/ubuntu/gbw/training-monolingual.tokenized.shuffled/news.en-00042-of-00100
Finished processing!
Processing file: /home/ubuntu/gbw/training-monolingual.tokenized.shuffled/news.en-00086-of-00100
Finished processing!
Processing file: /home/ubuntu/gbw/training-monolingual.tokenized.shuffled/news.en-00019-of-00100
Finished processing!
Processing file: /home/ubuntu/gbw/training-monolingual.tokenized.shuffled/news.en-00082-of-00100
Finished processing!
Processing file: /home/ubuntu/gbw/training-monolingual.tokenized.shuffled/news.en-00028-of-00100
Finished processing!
Processing file: /home/ubuntu/gbw/training-monolingual.tokenized.shuffled/news.en-00044-of-00100
Finished processing!
Processing file: /home/ubuntu/gbw/training-monolingual.tokenized.shuffled/news.en-00005-of-00100
Finished processing!
Processing file: /home/ubuntu/gbw/training-monolingual.tokenized.shuffled/news.en-00099-of-00100
Finished processing!
Processing file: /home/ubuntu/gbw/training-monolingual.tokenized.shuffled/news.en-00096-of-00100
Finished processing!
Processing file: /home/ubuntu/gbw/training-monolingual.tokenized.shuffled/news.en-00064-of-00100
Finished processing!
Processing file: /home/ubuntu/gbw/training-monolingual.tokenized.shuffled/news.en-00073-of-00100
Finished processing!
Processing file: /home/ubuntu/gbw/training-monolingual.tokeni2018-03-05 10:28:42,101 Iter[4] Batch [60000]	Speed: 172750.55 samples/sec
2018-03-05 10:28:42,101 Iter[4] Batch [60000] 	loss 4.6839384, ppl 108.1953552
2018-03-05 10:38:33,950 Iter[4] Batch [70000]	Speed: 173017.01 samples/sec
2018-03-05 10:38:33,950 Iter[4] Batch [70000] 	loss 4.6818569, ppl 107.9703740
2018-03-05 10:46:50,851 Saved checkpoint to "./checkpoint/-0000.params"
2018-03-05 10:49:29,544 eval batch 19 : 3.9576688
2018-03-05 10:52:15,577 eval batch 39 : 3.9512911
2018-03-05 10:55:00,559 eval batch 59 : 3.9686929
2018-03-05 10:55:55,931 Iter[4]		 CE loss 3.7444641, ppl 42.2863407. Time cost = 543.75 seconds
zed.shuffled/news.en-00051-of-00100
Finished processing!
Processing file: /home/ubuntu/gbw/training-monolingual.tokenized.shuffled/news.en-00008-of-00100
Finished processing!
Processing file: /home/ubuntu/gbw/training-monolingual.tokenized.shuffled/news.en-00027-of-00100
Finished processing!
Processing file: /home/ubuntu/gbw/training-monolingual.tokenized.shuffled/news.en-00012-of-00100
Finished processing!
Processing file: /home/ubuntu/gbw/training-monolingual.tokenized.shuffled/news.en-00013-of-00100
Finished processing!
Processing file: /home/ubuntu/gbw/training-monolingual.tokenized.shuffled/news.en-00093-of-00100
Finished processing!
Processing file: /home/ubuntu/gbw/training-monolingual.tokenized.shuffled/news.en-00075-of-00100
Finished processing!
Processing file: /home/ubuntu/gbw/training-monolingual.tokenized.shuffled/news.en-00072-of-00100
Finished processing!
Processing file: /home/ubuntu/gbw/training-monolingual.tokenized.shuffled/news.en-00032-of-00100
Finished processing!
Processing file: /home/ubuntu/gbw/training-monolingual.tokenized.shuffled/news.en-00003-of-00100
Finished processing!
Processing file: /home/ubuntu/gbw/training-monolingual.tokenized.shuffled/news.en-00015-of-00100
Finished processing!
Processing file: /home/ubuntu/gbw/training-monolingual.tokenized.shuffled/news.en-00091-of-00100
Finished processing!
Processing file: /home/ubuntu/gbw/training-monolingual.tokenized.shuffled/news.en-00022-of-00100
Finished processing!
Processing file: /home/ubuntu/gbw/training-monolingual.tokenized.shuffled/news.en-00006-of-00100
Finished processing!
Processing file: /home/ubuntu/gbw/training-monolingual.tokenized.shuffled/news.en-00021-of-00100
Finished processing!
Processing file: /home/ubuntu/gbw/training-monolingual.tokenized.shuffled/news.en-00089-of-00100
Finished processing!
Processing file: /home/ubuntu/gbw/training-monolingual.tokenized.shuffled/news.en-00045-of-00100
Finished processing!
Processing file: /home/ubuntu/gbw/training-monolingual.tokenized.shuffled/news.en-00024-of-00100
Finished processing!
Processing file: /home/ubuntu/gbw/training-monolingual.tokenized.shuffled/news.en-00058-of-00100
Finished processing!
Processing file: /home/ubuntu/gbw/training-monolingual.tokenized.shuffled/news.en-00084-of-00100
Finished processing!
Processing file: /home/ubuntu/gbw/training-monolingual.tokenized.shuffled/news.en-00094-of-00100
Finished processing!
Processing file: /home/ubuntu/gbw/training-monolingual.tokenized.shuffled/news.en-00030-of-00100
Finished processing!
Processing file: /home/ubuntu/gbw/training-monolingual.tokenized.shuffled/news.en-00036-of-00100
Finished processing!
Processing file: /home/ubuntu/gbw/training-monolingual.tokenized.shuffled/news.en-00098-of-00100
Finished processing!
encoder_weight
(793470,)
((793470L,), (793470L, 512L), 'row_sparse')
decoder_weight
(793470,)
((793470L,), (793470L, 512L), 'row_sparse')
[]
Processing file: /home/ubuntu/gbw-validation/heldout-monolingual.tokenized.shuffled/news.en.heldout-00000-of-00050
Finished processing!
reset
reset
Processing file: /home/ubuntu/gbw-validation/heldout-monolingual.tokenized.shuffled/news.en.heldout-00000-of-00050
Processing file: /home/ubuntu/gbw/training-monolingual.tokenized.shuffled/news.en-00086-of-00100
Finished processing!
Finished processing!
Processing file: /home/ubuntu/gbw/training-monolingual.tokenized.shuffled/news.en-00092-of-00100
Finished processing!
Processing file: /home/ubuntu/gbw/training-monolingual.tokenized.shuffled/news.en-00076-of-00100
Finished processing!
Processing file: /home/ubuntu/gbw/training-monolingual.tokenized.shuffled/news.en-00028-of-00100
Finished processing!
Processing file: /home/ubuntu/gbw/training-monolingual.tokenized.shuffled/news.en-00070-of-00100
Finished processing!
Processing file: /home/ubuntu/gbw/training-monolingual.tokenized.shuffled/news.en-00061-of-00100
Finished processing!
Processing file: /home/ubuntu/gbw/training-monolingual.tokenized.shuffled/news.en-00016-of-00100
Finished processing!
Processing file: /home/ubuntu/gbw/training-monolingual.tokenized.shuffled/2018-03-05 11:05:48,560 Iter[5] Batch [10000]	Speed: 173409.54 samples/sec
2018-03-05 11:05:48,561 Iter[5] Batch [10000] 	loss 4.6407025, ppl 103.6171130
2018-03-05 11:15:45,185 Iter[5] Batch [20000]	Speed: 171632.24 samples/sec
2018-03-05 11:15:45,185 Iter[5] Batch [20000] 	loss 4.6447628, ppl 104.0386862
2018-03-05 11:25:42,923 Iter[5] Batch [30000]	Speed: 171312.43 samples/sec
2018-03-05 11:25:42,924 Iter[5] Batch [30000] 	loss 4.6434519, ppl 103.9023873
news.en-00073-of-00100
Finished processing!
Processing file: /home/ubuntu/gbw/training-monolingual.tokenized.shuffled/news.en-00025-of-00100
Finished processing!
Processing file: /home/ubuntu/gbw/training-monolingual.tokenized.shuffled/news.en-00002-of-00100
Finished processing!
Processing file: /home/ubuntu/gbw/training-monolingual.tokenized.shuffled/news.en-00064-of-00100
Finished processing!
Processing file: /home/ubuntu/gbw/training-monolingual.tokenized.shuffled/news.en-00018-of-00100
Finished processing!
Processing file: /home/ubuntu/gbw/training-monolingual.tokenized.shuffled/news.en-00057-of-00100
Finished processing!
Processing file: /home/ubuntu/gbw/training-monolingual.tokenized.shuffled/news.en-00004-of-00100
Finished processing!
Processing file: /home/ubuntu/gbw/training-monolingual.tokenized.shuffled/news.en-00089-of-00100
Finished processing!
Processing file: /home/ubuntu/gbw/training-monolingual.tokenized.shuffled/news.en-00027-of-00100
Finished processing!
Processing file: /home/ubuntu/gbw/training-monolingual.tokenized.shuffled/news.en-00047-of-00100
Finished processing!
Processing file: /home/ubuntu/gbw/training-monolingual.tokenized.shuffled/news.en-00040-of-00100
Finished processing!
Processing file: /home/ubuntu/gbw/training-monolingual.tokenized.shuffled/news.en-00048-of-00100
Finished processing!
Processing file: /home/ubuntu/gbw/training-monolingual.tokenized.shuffled/news.en-00055-of-00100
Finished processing!
Processing file: /home/ubuntu/gbw/training-monolingual.tokenized.shuffled/news.en-00050-of-00100
Finished processing!
Processing file: /home/ubuntu/gbw/training-monolingual.tokenized.shuffled/news.en-00072-of-00100
Finished processing!
Processing file: /home/ubuntu/gbw/training-monolingual.tokenized.shuffled/news.en-00035-of-00100
Finished processing!
Processing file: /home/ubuntu/gbw/training-monolingual.tokenized.shuffled/news.en-00097-of-00100
Finished processing!
Processing file: /home/ubuntu/gbw/training-monolingual.tokenized.shuffled/news.en-00012-of-00100
Finished processing!
Processing file: /home/ubuntu/gbw/training-monolingual.tokenized.shuffled/news.en-00009-of-00100
Finished processing!
Processing file: /home/ubuntu/gbw/training-monolingual.tokenized.shuffled/news.en-00022-of-00100
Finished processing!
Processing file: /home/ubuntu/gbw/training-monolingual.tokenized.shuffled/news.en-00045-of-00100
Finished processing!
Processing file: /home/ubuntu/gbw/training-monolingual.tokenized.shuffled/news.en-00052-of-00100
Finished processing!
Processing file: /home/ubuntu/gbw/training-monolingual.tokenized.shuffled/news.en-00066-of-00100
Finished processing!
Processing file: /home/ubuntu/gbw/training-monolingual.tokenized.shuffled/news.en-00087-of-00100
Finished processing!
Processing file: /home/ubuntu/gbw/training-monolingual.tokenized.shuffled/news.en-00091-of-00100
Finished processing!
Processing file: /home/ubuntu/gbw/training-monolingual.tokenized.shuffled/news.en-00007-of-00100
Finished processing!
Processing file: /home/ubuntu/gbw/training-monolingual.tokenized.shuffled/news.en-00063-of-00100
Finished processing!
Processing file: /home/ubuntu/gbw/training-monolingual.tokenized.shuffled/news.en-00011-of-00100
Finished processing!
Processing file: /home/ubuntu/gbw/training-monolingual.tokenized.shuffled/news.en-00065-of-00100
Finished processing!
Processing file: /home/ubuntu/gbw/training-monolingual.tokenized.shuffled/news.en-00083-of-00100
Finished processing!
Processing file: /home/ubuntu/gbw/training-monolingual.tokenized.shuffled/news.en-00036-of-00100
Finished processing!
Processing file: /home/ubuntu/gbw/training-monolingual.tokenized.shuffled/news.en-00069-of-00100
Finished processing!
Processing file: /home/ubuntu/gbw/training-monolingual.tokenized.shuffled/news.en-00039-of-00100
Finished processing!
Processing file: /home/ubuntu/gbw/training-monolingual.tokenized.shuffled/news.en-00001-of-00100
Finished processing!
Processing file: /home/ubuntu/gbw/training-monolingual.tokenized.shuffled/news.en-00060-of-00100
Finished processing!
Processing file: /home/ubuntu/gbw/traini2018-03-05 11:35:28,619 Iter[5] Batch [40000]	Speed: 174835.04 samples/sec
2018-03-05 11:35:28,619 Iter[5] Batch [40000] 	loss 4.6507153, ppl 104.6598233
2018-03-05 11:45:22,260 Iter[5] Batch [50000]	Speed: 172494.85 samples/sec
2018-03-05 11:45:22,260 Iter[5] Batch [50000] 	loss 4.6480869, ppl 104.3850927
2018-03-05 11:55:16,904 Iter[5] Batch [60000]	Speed: 172203.88 samples/sec
2018-03-05 11:55:16,904 Iter[5] Batch [60000] 	loss 4.6514944, ppl 104.7413916
ng-monolingual.tokenized.shuffled/news.en-00082-of-00100
Finished processing!
Processing file: /home/ubuntu/gbw/training-monolingual.tokenized.shuffled/news.en-00003-of-00100
Finished processing!
Processing file: /home/ubuntu/gbw/training-monolingual.tokenized.shuffled/news.en-00037-of-00100
Finished processing!
Processing file: /home/ubuntu/gbw/training-monolingual.tokenized.shuffled/news.en-00062-of-00100
Finished processing!
Processing file: /home/ubuntu/gbw/training-monolingual.tokenized.shuffled/news.en-00075-of-00100
Finished processing!
Processing file: /home/ubuntu/gbw/training-monolingual.tokenized.shuffled/news.en-00017-of-00100
Finished processing!
Processing file: /home/ubuntu/gbw/training-monolingual.tokenized.shuffled/news.en-00046-of-00100
Finished processing!
Processing file: /home/ubuntu/gbw/training-monolingual.tokenized.shuffled/news.en-00079-of-00100
Finished processing!
Processing file: /home/ubuntu/gbw/training-monolingual.tokenized.shuffled/news.en-00008-of-00100
Finished processing!
Processing file: /home/ubuntu/gbw/training-monolingual.tokenized.shuffled/news.en-00056-of-00100
Finished processing!
Processing file: /home/ubuntu/gbw/training-monolingual.tokenized.shuffled/news.en-00068-of-00100
Finished processing!
Processing file: /home/ubuntu/gbw/training-monolingual.tokenized.shuffled/news.en-00041-of-00100
Finished processing!
Processing file: /home/ubuntu/gbw/training-monolingual.tokenized.shuffled/news.en-00049-of-00100
Finished processing!
Processing file: /home/ubuntu/gbw/training-monolingual.tokenized.shuffled/news.en-00024-of-00100
Finished processing!
Processing file: /home/ubuntu/gbw/training-monolingual.tokenized.shuffled/news.en-00084-of-00100
Finished processing!
Processing file: /home/ubuntu/gbw/training-monolingual.tokenized.shuffled/news.en-00026-of-00100
Finished processing!
Processing file: /home/ubuntu/gbw/training-monolingual.tokenized.shuffled/news.en-00095-of-00100
Finished processing!
Processing file: /home/ubuntu/gbw/training-monolingual.tokenized.shuffled/news.en-00098-of-00100
Finished processing!
Processing file: /home/ubuntu/gbw/training-monolingual.tokenized.shuffled/news.en-00074-of-00100
Finished processing!
Processing file: /home/ubuntu/gbw/training-monolingual.tokenized.shuffled/news.en-00030-of-00100
Finished processing!
Processing file: /home/ubuntu/gbw/training-monolingual.tokenized.shuffled/news.en-00053-of-00100
Finished processing!
Processing file: /home/ubuntu/gbw/training-monolingual.tokenized.shuffled/news.en-00023-of-00100
Finished processing!
Processing file: /home/ubuntu/gbw/training-monolingual.tokenized.shuffled/news.en-00078-of-00100
Finished processing!
Processing file: /home/ubuntu/gbw/training-monolingual.tokenized.shuffled/news.en-00067-of-00100
Finished processing!
Processing file: /home/ubuntu/gbw/training-monolingual.tokenized.shuffled/news.en-00031-of-00100
Finished processing!
Processing file: /home/ubuntu/gbw/training-monolingual.tokenized.shuffled/news.en-00006-of-00100
Finished processing!
Processing file: /home/ubuntu/gbw/training-monolingual.tokenized.shuffled/news.en-00019-of-00100
Finished processing!
Processing file: /home/ubuntu/gbw/training-monolingual.tokenized.shuffled/news.en-00093-of-00100
Finished processing!
Processing file: /home/ubuntu/gbw/training-monolingual.tokenized.shuffled/news.en-00014-of-00100
Finished processing!
Processing file: /home/ubuntu/gbw/training-monolingual.tokenized.shuffled/news.en-00032-of-00100
Finished processing!
Processing file: /home/ubuntu/gbw/training-monolingual.tokenized.shuffled/news.en-00051-of-00100
Finished processing!
Processing file: /home/ubuntu/gbw/training-monolingual.tokenized.shuffled/news.en-00088-of-00100
Finished processing!
Processing file: /home/ubuntu/gbw/training-monolingual.tokenized.shuffled/news.en-00020-of-00100
Finished processing!
Processing file: /home/ubuntu/gbw/training-monolingual.tokenized.shuffled/news.en-00099-of-00100
Finished processing!
Processing file: /home/ubuntu/gbw/training-monolingual.tokenized.shuffled/news.en-00005-of-00100
Finished processing!
Proces2018-03-05 12:05:06,202 Iter[5] Batch [70000]	Speed: 173765.98 samples/sec
2018-03-05 12:05:06,202 Iter[5] Batch [70000] 	loss 4.6508947, ppl 104.6785983
2018-03-05 12:13:24,335 Saved checkpoint to "./checkpoint/-0000.params"
2018-03-05 12:16:02,880 eval batch 19 : 3.9513640
2018-03-05 12:18:47,001 eval batch 39 : 3.9444586
2018-03-05 12:21:31,443 eval batch 59 : 3.9621086
2018-03-05 12:22:26,627 Iter[5]		 CE loss 3.7383838, ppl 42.0300045. Time cost = 540.96 seconds
sing file: /home/ubuntu/gbw/training-monolingual.tokenized.shuffled/news.en-00033-of-00100
Finished processing!
Processing file: /home/ubuntu/gbw/training-monolingual.tokenized.shuffled/news.en-00081-of-00100
Finished processing!
Processing file: /home/ubuntu/gbw/training-monolingual.tokenized.shuffled/news.en-00085-of-00100
Finished processing!
Processing file: /home/ubuntu/gbw/training-monolingual.tokenized.shuffled/news.en-00043-of-00100
Finished processing!
Processing file: /home/ubuntu/gbw/training-monolingual.tokenized.shuffled/news.en-00044-of-00100
Finished processing!
Processing file: /home/ubuntu/gbw/training-monolingual.tokenized.shuffled/news.en-00094-of-00100
Finished processing!
Processing file: /home/ubuntu/gbw/training-monolingual.tokenized.shuffled/news.en-00034-of-00100
Finished processing!
Processing file: /home/ubuntu/gbw/training-monolingual.tokenized.shuffled/news.en-00096-of-00100
Finished processing!
Processing file: /home/ubuntu/gbw/training-monolingual.tokenized.shuffled/news.en-00058-of-00100
Finished processing!
Processing file: /home/ubuntu/gbw/training-monolingual.tokenized.shuffled/news.en-00029-of-00100
Finished processing!
Processing file: /home/ubuntu/gbw/training-monolingual.tokenized.shuffled/news.en-00010-of-00100
Finished processing!
Processing file: /home/ubuntu/gbw/training-monolingual.tokenized.shuffled/news.en-00038-of-00100
Finished processing!
Processing file: /home/ubuntu/gbw/training-monolingual.tokenized.shuffled/news.en-00071-of-00100
Finished processing!
Processing file: /home/ubuntu/gbw/training-monolingual.tokenized.shuffled/news.en-00042-of-00100
Finished processing!
Processing file: /home/ubuntu/gbw/training-monolingual.tokenized.shuffled/news.en-00059-of-00100
Finished processing!
Processing file: /home/ubuntu/gbw/training-monolingual.tokenized.shuffled/news.en-00077-of-00100
Finished processing!
Processing file: /home/ubuntu/gbw/training-monolingual.tokenized.shuffled/news.en-00013-of-00100
Finished processing!
Processing file: /home/ubuntu/gbw/training-monolingual.tokenized.shuffled/news.en-00015-of-00100
Finished processing!
Processing file: /home/ubuntu/gbw/training-monolingual.tokenized.shuffled/news.en-00021-of-00100
Finished processing!
Processing file: /home/ubuntu/gbw/training-monolingual.tokenized.shuffled/news.en-00054-of-00100
Finished processing!
Processing file: /home/ubuntu/gbw/training-monolingual.tokenized.shuffled/news.en-00090-of-00100
Finished processing!
Processing file: /home/ubuntu/gbw/training-monolingual.tokenized.shuffled/news.en-00080-of-00100
Finished processing!
encoder_weight
(793470,)
((793470L,), (793470L, 512L), 'row_sparse')
decoder_weight
(793470,)
((793470L,), (793470L, 512L), 'row_sparse')
[]
Processing file: /home/ubuntu/gbw-validation/heldout-monolingual.tokenized.shuffled/news.en.heldout-00000-of-00050
Finished processing!
reset
reset
Processing file: /home/ubuntu/gbw-validation/heldout-monolingual.tokenized.shuffled/news.en.heldout-00000-of-00050
Processing file: /home/ubuntu/gbw/training-monolingual.tokenized.shuffled/news.en-00008-of-00100
Finished processing!
Finished processing!
Processing file: /home/ubuntu/gbw/training-monolingual.tokenized.shuffled/news.en-00052-of-00100
Finished processing!
Processing file: /home/ubuntu/gbw/training-monolingual.tokenized.shuffled/news.en-00025-of-00100
Finished processing!
Processing file: /home/ubuntu/gbw/training-monolingual.tokenized.shuffled/news.en-00020-of-00100
Finished processing!
Processing file: /home/ubuntu/gbw/training-monolingual.tokenized.shuffled/news.en-00093-of-00100
Finished processing!
Processing file: /home/ubuntu/gbw/training-monolingual.tokenized.shuffled/news.en-00057-of-00100
Finished processing!
Processing file: /home/ubuntu/gbw/training-monolingual.tokenized.shuffled/news.en-00088-of-00100
Finished processing!
Processing file: /home/ubuntu/gbw/training-monolingual.tokenized.shuffled/news.en-00059-of-00100
Finished processing!
Processing file: /home/ubuntu/gbw/training-monolingual.tokenized.shuffled/news.en-00004-of-00100
Finished processing!
Processing file: /h2018-03-05 12:32:19,597 Iter[6] Batch [10000]	Speed: 173312.55 samples/sec
2018-03-05 12:32:19,597 Iter[6] Batch [10000] 	loss 4.6087828, ppl 100.3619160
2018-03-05 12:42:15,265 Iter[6] Batch [20000]	Speed: 171907.97 samples/sec
2018-03-05 12:42:15,265 Iter[6] Batch [20000] 	loss 4.6141728, ppl 100.9043272
2018-03-05 12:52:11,829 Iter[6] Batch [30000]	Speed: 171649.72 samples/sec
2018-03-05 12:52:11,829 Iter[6] Batch [30000] 	loss 4.6189628, ppl 101.3888184
ome/ubuntu/gbw/training-monolingual.tokenized.shuffled/news.en-00033-of-00100
Finished processing!
Processing file: /home/ubuntu/gbw/training-monolingual.tokenized.shuffled/news.en-00095-of-00100
Finished processing!
Processing file: /home/ubuntu/gbw/training-monolingual.tokenized.shuffled/news.en-00048-of-00100
Finished processing!
Processing file: /home/ubuntu/gbw/training-monolingual.tokenized.shuffled/news.en-00010-of-00100
Finished processing!
Processing file: /home/ubuntu/gbw/training-monolingual.tokenized.shuffled/news.en-00076-of-00100
Finished processing!
Processing file: /home/ubuntu/gbw/training-monolingual.tokenized.shuffled/news.en-00035-of-00100
Finished processing!
Processing file: /home/ubuntu/gbw/training-monolingual.tokenized.shuffled/news.en-00055-of-00100
Finished processing!
Processing file: /home/ubuntu/gbw/training-monolingual.tokenized.shuffled/news.en-00045-of-00100
Finished processing!
Processing file: /home/ubuntu/gbw/training-monolingual.tokenized.shuffled/news.en-00015-of-00100
Finished processing!
Processing file: /home/ubuntu/gbw/training-monolingual.tokenized.shuffled/news.en-00027-of-00100
Finished processing!
Processing file: /home/ubuntu/gbw/training-monolingual.tokenized.shuffled/news.en-00083-of-00100
Finished processing!
Processing file: /home/ubuntu/gbw/training-monolingual.tokenized.shuffled/news.en-00013-of-00100
Finished processing!
Processing file: /home/ubuntu/gbw/training-monolingual.tokenized.shuffled/news.en-00019-of-00100
Finished processing!
Processing file: /home/ubuntu/gbw/training-monolingual.tokenized.shuffled/news.en-00074-of-00100
Finished processing!
Processing file: /home/ubuntu/gbw/training-monolingual.tokenized.shuffled/news.en-00081-of-00100
Finished processing!
Processing file: /home/ubuntu/gbw/training-monolingual.tokenized.shuffled/news.en-00077-of-00100
Finished processing!
Processing file: /home/ubuntu/gbw/training-monolingual.tokenized.shuffled/news.en-00041-of-00100
Finished processing!
Processing file: /home/ubuntu/gbw/training-monolingual.tokenized.shuffled/news.en-00043-of-00100
Finished processing!
Processing file: /home/ubuntu/gbw/training-monolingual.tokenized.shuffled/news.en-00070-of-00100
Finished processing!
Processing file: /home/ubuntu/gbw/training-monolingual.tokenized.shuffled/news.en-00038-of-00100
Finished processing!
Processing file: /home/ubuntu/gbw/training-monolingual.tokenized.shuffled/news.en-00060-of-00100
Finished processing!
Processing file: /home/ubuntu/gbw/training-monolingual.tokenized.shuffled/news.en-00039-of-00100
Finished processing!
Processing file: /home/ubuntu/gbw/training-monolingual.tokenized.shuffled/news.en-00005-of-00100
Finished processing!
Processing file: /home/ubuntu/gbw/training-monolingual.tokenized.shuffled/news.en-00036-of-00100
Finished processing!
Processing file: /home/ubuntu/gbw/training-monolingual.tokenized.shuffled/news.en-00046-of-00100
Finished processing!
Processing file: /home/ubuntu/gbw/training-monolingual.tokenized.shuffled/news.en-00003-of-00100
Finished processing!
Processing file: /home/ubuntu/gbw/training-monolingual.tokenized.shuffled/news.en-00006-of-00100
Finished processing!
Processing file: /home/ubuntu/gbw/training-monolingual.tokenized.shuffled/news.en-00026-of-00100
Finished processing!
Processing file: /home/ubuntu/gbw/training-monolingual.tokenized.shuffled/news.en-00066-of-00100
Finished processing!
Processing file: /home/ubuntu/gbw/training-monolingual.tokenized.shuffled/news.en-00064-of-00100
Finished processing!
Processing file: /home/ubuntu/gbw/training-monolingual.tokenized.shuffled/news.en-00094-of-00100
Finished processing!
Processing file: /home/ubuntu/gbw/training-monolingual.tokenized.shuffled/news.en-00092-of-00100
Finished processing!
Traceback (most recent call last):
  File "train.py", line 177, in <module>
    norm = module.clip_by_global_norm_per_ctx(max_norm=args.clip, param_names=lstm_args)
  File "/home/ubuntu/pr/python/mxnet/module/module.py", line 891, in clip_by_global_norm_per_ctx
    norm_val = self.global_grad_norm(grad_array_per_ctx[i])
  File "/home/ubuntu/pr/python/mxnet/module/module.py", line 918, in global_grad_norm
    norm_val += nd_global_norm(arr).asscalar()
  File "/home/ubuntu/pr/python/mxnet/ndarray/ndarray.py", line 1842, in asscalar
    return self.asnumpy()[0]
  File "/home/ubuntu/pr/python/mxnet/ndarray/ndarray.py", line 1824, in asnumpy
    ctypes.c_size_t(data.size)))
KeyboardInterrupt
